<?xml version="1.0" encoding="UTF-8"?>
<!-- Generated by org.testng.reporters.JUnitXMLReporter -->
<testsuite ignored="0" hostname="DESKTOP-8KB3FQ7" failures="0" tests="2" name="Error Validations Test" time="27.459" errors="0" timestamp="2024-08-15T20:41:52 EDT">
  <testcase classname="AutomationFramework.Test.ErrorValidationsTest" name="LoginErrorValidations" time="0.786"/>
  <testcase classname="AutomationFramework.Test.ErrorValidationsTest" name="ProductErrorValidations" time="11.986"/>
</testsuite> <!-- Error Validations Test -->
