<?xml version="1.0" encoding="UTF-8"?>
<!-- Generated by org.testng.reporters.JUnitXMLReporter -->
<testsuite ignored="0" hostname="DESKTOP-8KB3FQ7" failures="0" tests="2" name="Error Validations Test" time="71.945" errors="0" timestamp="2024-08-20T16:11:33 EDT">
  <testcase classname="AutomationFramework.Test.ErrorValidationsTest" name="LoginErrorValidations" time="13.037"/>
  <testcase classname="AutomationFramework.Test.ErrorValidationsTest" name="ProductErrorValidations" time="35.503"/>
</testsuite> <!-- Error Validations Test -->
